[debug] [2024-01-14T18:37:39.405Z] ----------------------------------------------------------------------
[debug] [2024-01-14T18:37:39.410Z] Command:       C:\Program Files\nodejs\node.exe C:\Users\kenn\AppData\Roaming\npm\node_modules\firebase-tools\lib\bin\firebase.js deploy --only hosting:djowyett
[debug] [2024-01-14T18:37:39.411Z] CLI Version:   12.5.2
[debug] [2024-01-14T18:37:39.412Z] Platform:      win32
[debug] [2024-01-14T18:37:39.413Z] Node Version:  v20.10.0
[debug] [2024-01-14T18:37:39.413Z] Time:          Sun Jan 14 2024 19:37:39 GMT+0100 (heure normale d’Afrique de l’Ouest)
[debug] [2024-01-14T18:37:39.414Z] ----------------------------------------------------------------------
[debug] 
[debug] [2024-01-14T18:37:39.552Z] > command requires scopes: ["email","openid","https://www.googleapis.com/auth/cloudplatformprojects.readonly","https://www.googleapis.com/auth/firebase","https://www.googleapis.com/auth/cloud-platform"]
[debug] [2024-01-14T18:37:39.552Z] > authorizing via signed-in user (stephanebazebibouta@gmail.com)
[debug] [2024-01-14T18:37:39.553Z] [iam] checking project djowyett for permissions ["firebase.projects.get","firebasehosting.sites.update"]
[debug] [2024-01-14T18:37:39.557Z] >>> [apiv2][query] POST https://cloudresourcemanager.googleapis.com/v1/projects/djowyett:testIamPermissions [none]
[debug] [2024-01-14T18:37:39.558Z] >>> [apiv2][(partial)header] POST https://cloudresourcemanager.googleapis.com/v1/projects/djowyett:testIamPermissions x-goog-quota-user=projects/djowyett
[debug] [2024-01-14T18:37:39.558Z] >>> [apiv2][body] POST https://cloudresourcemanager.googleapis.com/v1/projects/djowyett:testIamPermissions {"permissions":["firebase.projects.get","firebasehosting.sites.update"]}
[debug] [2024-01-14T18:37:40.830Z] <<< [apiv2][status] POST https://cloudresourcemanager.googleapis.com/v1/projects/djowyett:testIamPermissions 200
[debug] [2024-01-14T18:37:40.830Z] <<< [apiv2][body] POST https://cloudresourcemanager.googleapis.com/v1/projects/djowyett:testIamPermissions {"permissions":["firebase.projects.get","firebasehosting.sites.update"]}
[debug] [2024-01-14T18:37:40.832Z] >>> [apiv2][query] GET https://firebase.googleapis.com/v1beta1/projects/djowyett [none]
[debug] [2024-01-14T18:37:41.538Z] <<< [apiv2][status] GET https://firebase.googleapis.com/v1beta1/projects/djowyett 200
[debug] [2024-01-14T18:37:41.538Z] <<< [apiv2][body] GET https://firebase.googleapis.com/v1beta1/projects/djowyett {"projectId":"djowyett","projectNumber":"478289729883","displayName":"Djowyett","name":"projects/djowyett","resources":{"hostingSite":"djowyett","realtimeDatabaseInstance":"djowyett-default-rtdb"},"state":"ACTIVE","etag":"1_43a1a9e0-a69c-4939-9c8f-e1136d1257cb"}
[debug] [2024-01-14T18:37:49.308Z] >>> [apiv2][query] GET https://firebasehosting.googleapis.com/v1beta1/projects/djowyett/sites pageToken=&pageSize=10
[debug] [2024-01-14T18:37:51.093Z] <<< [apiv2][status] GET https://firebasehosting.googleapis.com/v1beta1/projects/djowyett/sites 200
[debug] [2024-01-14T18:37:51.093Z] <<< [apiv2][body] GET https://firebasehosting.googleapis.com/v1beta1/projects/djowyett/sites {"sites":[{"name":"projects/djowyett/sites/djowyett","defaultUrl":"https://djowyett.web.app","appId":"1:478289729883:web:fe425b46f57ec57cb2627e","type":"DEFAULT_SITE"}]}
[debug] [2024-01-14T18:37:51.093Z] >>> [apiv2][query] GET https://firebase.googleapis.com/v1beta1/projects/-/webApps/1:478289729883:web:fe425b46f57ec57cb2627e/config [none]
[debug] [2024-01-14T18:37:52.286Z] <<< [apiv2][status] GET https://firebase.googleapis.com/v1beta1/projects/-/webApps/1:478289729883:web:fe425b46f57ec57cb2627e/config 200
[debug] [2024-01-14T18:37:52.286Z] <<< [apiv2][body] GET https://firebase.googleapis.com/v1beta1/projects/-/webApps/1:478289729883:web:fe425b46f57ec57cb2627e/config {"projectId":"djowyett","appId":"1:478289729883:web:fe425b46f57ec57cb2627e","databaseURL":"https://djowyett-default-rtdb.europe-west1.firebasedatabase.app","storageBucket":"djowyett.appspot.com","apiKey":"AIzaSyBA8lgGtRSa88KEc1X_0BhHm0Xfeh4eOfg","authDomain":"djowyett.firebaseapp.com","messagingSenderId":"478289729883"}
[info] 
   Thank you for trying our early preview of Next.js support on Firebase Hosting.
   During the preview, support is best-effort and breaking changes can be expected. Proceed with caution.

   Documentation: https://firebase.google.com/docs/hosting/frameworks/nextjs
   File a bug: https://github.com/firebase/firebase-tools/issues/new?template=bug_report.md
   Submit a feature request: https://github.com/firebase/firebase-tools/issues/new?template=feature_request.md

   We'd love to learn from you. Express your interest in helping us shape the future of Firebase Hosting: https://goo.gle/41enW5X

[info]    ▲ Next.js 14.0.4

[info] 
   Creating an optimized production build ...

[info]  ✓ Compiled successfully

[info]    Linting and checking validity of types ...

[info]    Collecting page data ...

[info]    Generating static pages (0/7) ...

[info]    Generating static pages (1/7) 

[info]    Generating static pages (3/7) 

[info]    Generating static pages (5/7) 

[info] eA [FirebaseError]: Firebase: Firebase App named '[DEFAULT]' already exists with different options or config (app/duplicate-app).
    at eA (D:\Steph data\HTML\djowyettnotif\.next\server\chunks\138.js:118:396)
    at 3646 (D:\Steph data\HTML\djowyettnotif\.next\server\app\page.js:421:713)
    at t (D:\Steph data\HTML\djowyettnotif\.next\server\webpack-runtime.js:1:128)
    at F (D:\Steph data\HTML\djowyettnotif\node_modules\next\dist\compiled\next-server\app-page.runtime.prod.js:12:91937)
    at D:\Steph data\HTML\djowyettnotif\node_modules\next\dist\compiled\next-server\app-page.runtime.prod.js:12:94352
    at W._fromJSON (D:\Steph data\HTML\djowyettnotif\node_modules\next\dist\compiled\next-server\app-page.runtime.prod.js:12:94790)
    at JSON.parse (<anonymous>)
    at N (D:\Steph data\HTML\djowyettnotif\node_modules\next\dist\compiled\next-server\app-page.runtime.prod.js:12:91658)
    at t (D:\Steph data\HTML\djowyettnotif\node_modules\next\dist\compiled\next-server\app-page.runtime.prod.js:12:98043) {
  code: 'app/duplicate-app',
  customData: { appName: '[DEFAULT]' }
}

[info] 
Error occurred prerendering page "/". Read more: https://nextjs.org/docs/messages/prerender-error
FirebaseError: Firebase: Firebase App named '[DEFAULT]' already exists with different options or config (app/duplicate-app).
    at eA (D:\Steph data\HTML\djowyettnotif\.next\server\chunks\138.js:118:396)
    at 3646 (D:\Steph data\HTML\djowyettnotif\.next\server\app\page.js:421:713)
    at t (D:\Steph data\HTML\djowyettnotif\.next\server\webpack-runtime.js:1:128)
    at F (D:\Steph data\HTML\djowyettnotif\node_modules\next\dist\compiled\next-server\app-page.runtime.prod.js:12:91937)
    at D:\Steph data\HTML\djowyettnotif\node_modules\next\dist\compiled\next-server\app-page.runtime.prod.js:12:94352
    at W._fromJSON (D:\Steph data\HTML\djowyettnotif\node_modules\next\dist\compiled\next-server\app-page.runtime.prod.js:12:94790)
    at JSON.parse (<anonymous>)
    at N (D:\Steph data\HTML\djowyettnotif\node_modules\next\dist\compiled\next-server\app-page.runtime.prod.js:12:91658)
    at t (D:\Steph data\HTML\djowyettnotif\node_modules\next\dist\compiled\next-server\app-page.runtime.prod.js:12:98043)

[info]  ✓ Generating static pages (7/7) 

[info] 

[info] > Export encountered errors on following paths:
	/page: /

[debug] [2024-01-14T18:38:53.060Z] TypeError: Cannot destructure property 'customConfig' of '(intermediate value)(intermediate value)(intermediate value)' as it is null.
    at loadConfig (D:\Steph data\HTML\djowyettnotif\node_modules\next\dist\server\config.js:641:41)
    at getConfig (C:\Users\kenn\AppData\Roaming\npm\node_modules\firebase-tools\lib\frameworks\next\index.js:390:28)
    at build (C:\Users\kenn\AppData\Roaming\npm\node_modules\firebase-tools\lib\frameworks\next\index.js:68:65)
    at process.processTicksAndRejections (node:internal/process/task_queues:95:5)
    at async prepareFrameworks (C:\Users\kenn\AppData\Roaming\npm\node_modules\firebase-tools\lib\frameworks\index.js:216:33)
    at async deploy (C:\Users\kenn\AppData\Roaming\npm\node_modules\firebase-tools\lib\deploy\index.js:55:13)
[error] 
[error] Error: An unexpected error has occurred.
[debug] [2024-01-14T18:53:04.221Z] ----------------------------------------------------------------------
[debug] [2024-01-14T18:53:04.225Z] Command:       C:\Program Files\nodejs\node.exe C:\Users\kenn\AppData\Roaming\npm\node_modules\firebase-tools\lib\bin\firebase.js deploy --only hosting:djowyett
[debug] [2024-01-14T18:53:04.225Z] CLI Version:   12.5.2
[debug] [2024-01-14T18:53:04.225Z] Platform:      win32
[debug] [2024-01-14T18:53:04.225Z] Node Version:  v20.10.0
[debug] [2024-01-14T18:53:04.226Z] Time:          Sun Jan 14 2024 19:53:04 GMT+0100 (heure normale d’Afrique de l’Ouest)
[debug] [2024-01-14T18:53:04.226Z] ----------------------------------------------------------------------
[debug] 
[debug] [2024-01-14T18:53:04.359Z] > command requires scopes: ["email","openid","https://www.googleapis.com/auth/cloudplatformprojects.readonly","https://www.googleapis.com/auth/firebase","https://www.googleapis.com/auth/cloud-platform"]
[debug] [2024-01-14T18:53:04.360Z] > authorizing via signed-in user (stephanebazebibouta@gmail.com)
[debug] [2024-01-14T18:53:04.360Z] [iam] checking project djowyett for permissions ["firebase.projects.get","firebasehosting.sites.update"]
[debug] [2024-01-14T18:53:04.362Z] >>> [apiv2][query] POST https://cloudresourcemanager.googleapis.com/v1/projects/djowyett:testIamPermissions [none]
[debug] [2024-01-14T18:53:04.362Z] >>> [apiv2][(partial)header] POST https://cloudresourcemanager.googleapis.com/v1/projects/djowyett:testIamPermissions x-goog-quota-user=projects/djowyett
[debug] [2024-01-14T18:53:04.363Z] >>> [apiv2][body] POST https://cloudresourcemanager.googleapis.com/v1/projects/djowyett:testIamPermissions {"permissions":["firebase.projects.get","firebasehosting.sites.update"]}
[debug] [2024-01-14T18:53:05.756Z] <<< [apiv2][status] POST https://cloudresourcemanager.googleapis.com/v1/projects/djowyett:testIamPermissions 200
[debug] [2024-01-14T18:53:05.756Z] <<< [apiv2][body] POST https://cloudresourcemanager.googleapis.com/v1/projects/djowyett:testIamPermissions {"permissions":["firebase.projects.get","firebasehosting.sites.update"]}
[debug] [2024-01-14T18:53:05.757Z] >>> [apiv2][query] GET https://firebase.googleapis.com/v1beta1/projects/djowyett [none]
[debug] [2024-01-14T18:53:06.518Z] <<< [apiv2][status] GET https://firebase.googleapis.com/v1beta1/projects/djowyett 200
[debug] [2024-01-14T18:53:06.519Z] <<< [apiv2][body] GET https://firebase.googleapis.com/v1beta1/projects/djowyett {"projectId":"djowyett","projectNumber":"478289729883","displayName":"Djowyett","name":"projects/djowyett","resources":{"hostingSite":"djowyett","realtimeDatabaseInstance":"djowyett-default-rtdb"},"state":"ACTIVE","etag":"1_43a1a9e0-a69c-4939-9c8f-e1136d1257cb"}
[debug] [2024-01-14T18:53:13.925Z] >>> [apiv2][query] GET https://firebasehosting.googleapis.com/v1beta1/projects/djowyett/sites pageToken=&pageSize=10
[debug] [2024-01-14T18:53:15.431Z] <<< [apiv2][status] GET https://firebasehosting.googleapis.com/v1beta1/projects/djowyett/sites 200
[debug] [2024-01-14T18:53:15.431Z] <<< [apiv2][body] GET https://firebasehosting.googleapis.com/v1beta1/projects/djowyett/sites {"sites":[{"name":"projects/djowyett/sites/djowyett","defaultUrl":"https://djowyett.web.app","appId":"1:478289729883:web:fe425b46f57ec57cb2627e","type":"DEFAULT_SITE"}]}
[debug] [2024-01-14T18:53:15.432Z] >>> [apiv2][query] GET https://firebase.googleapis.com/v1beta1/projects/-/webApps/1:478289729883:web:fe425b46f57ec57cb2627e/config [none]
[debug] [2024-01-14T18:53:16.773Z] <<< [apiv2][status] GET https://firebase.googleapis.com/v1beta1/projects/-/webApps/1:478289729883:web:fe425b46f57ec57cb2627e/config 200
[debug] [2024-01-14T18:53:16.774Z] <<< [apiv2][body] GET https://firebase.googleapis.com/v1beta1/projects/-/webApps/1:478289729883:web:fe425b46f57ec57cb2627e/config {"projectId":"djowyett","appId":"1:478289729883:web:fe425b46f57ec57cb2627e","databaseURL":"https://djowyett-default-rtdb.europe-west1.firebasedatabase.app","storageBucket":"djowyett.appspot.com","apiKey":"AIzaSyBA8lgGtRSa88KEc1X_0BhHm0Xfeh4eOfg","authDomain":"djowyett.firebaseapp.com","messagingSenderId":"478289729883"}
[info] 
   Thank you for trying our early preview of Next.js support on Firebase Hosting.
   During the preview, support is best-effort and breaking changes can be expected. Proceed with caution.

   Documentation: https://firebase.google.com/docs/hosting/frameworks/nextjs
   File a bug: https://github.com/firebase/firebase-tools/issues/new?template=bug_report.md
   Submit a feature request: https://github.com/firebase/firebase-tools/issues/new?template=feature_request.md

   We'd love to learn from you. Express your interest in helping us shape the future of Firebase Hosting: https://goo.gle/41enW5X

[info]    ▲ Next.js 14.0.4

[info] 
   Creating an optimized production build ...

[info]  ✓ Compiled successfully

[info]    Linting and checking validity of types ...

[info]    Collecting page data ...

[info]    Generating static pages (0/5) ...

[info]    Generating static pages (1/5) 

[info]    Generating static pages (2/5) 
   Generating static pages (3/5) 

[info] eq [FirebaseError]: Messaging: This browser doesn't support the API's required to use the Firebase SDK. (messaging/unsupported-browser).
    at D:\Steph data\HTML\djowyettnotif\.next\server\app\page.js:2985:60 {
  code: 'messaging/unsupported-browser',
  customData: {}
}
ReferenceError: navigator is not defined
    at eY._W [as instanceFactory] (D:\Steph data\HTML\djowyettnotif\.next\server\app\page.js:2940:488)
    at eX.getOrInitializeService (D:\Steph data\HTML\djowyettnotif\.next\server\app\page.js:170:2844)
    at eX.getImmediate (D:\Steph data\HTML\djowyettnotif\.next\server\app\page.js:170:741)
    at _X (D:\Steph data\HTML\djowyettnotif\.next\server\app\page.js:2985:161)
    at 9880 (D:\Steph data\HTML\djowyettnotif\.next\server\app\page.js:2985:752)
    at t (D:\Steph data\HTML\djowyettnotif\.next\server\webpack-runtime.js:1:128)
    at F (D:\Steph data\HTML\djowyettnotif\node_modules\next\dist\compiled\next-server\app-page.runtime.prod.js:12:91937)
    at D:\Steph data\HTML\djowyettnotif\node_modules\next\dist\compiled\next-server\app-page.runtime.prod.js:12:94352
    at W._fromJSON (D:\Steph data\HTML\djowyettnotif\node_modules\next\dist\compiled\next-server\app-page.runtime.prod.js:12:94790)
    at JSON.parse (<anonymous>)

[info] 
Error occurred prerendering page "/". Read more: https://nextjs.org/docs/messages/prerender-error
ReferenceError: navigator is not defined
    at eY._W [as instanceFactory] (D:\Steph data\HTML\djowyettnotif\.next\server\app\page.js:2940:488)
    at eX.getOrInitializeService (D:\Steph data\HTML\djowyettnotif\.next\server\app\page.js:170:2844)
    at eX.getImmediate (D:\Steph data\HTML\djowyettnotif\.next\server\app\page.js:170:741)
    at _X (D:\Steph data\HTML\djowyettnotif\.next\server\app\page.js:2985:161)
    at 9880 (D:\Steph data\HTML\djowyettnotif\.next\server\app\page.js:2985:752)
    at t (D:\Steph data\HTML\djowyettnotif\.next\server\webpack-runtime.js:1:128)
    at F (D:\Steph data\HTML\djowyettnotif\node_modules\next\dist\compiled\next-server\app-page.runtime.prod.js:12:91937)
    at D:\Steph data\HTML\djowyettnotif\node_modules\next\dist\compiled\next-server\app-page.runtime.prod.js:12:94352
    at W._fromJSON (D:\Steph data\HTML\djowyettnotif\node_modules\next\dist\compiled\next-server\app-page.runtime.prod.js:12:94790)
    at JSON.parse (<anonymous>)

[info]  ✓ Generating static pages (5/5) 

[info] 

[info] > Export encountered errors on following paths:
	/page: /

[debug] [2024-01-14T18:53:56.410Z] TypeError: Cannot destructure property 'customConfig' of '(intermediate value)(intermediate value)(intermediate value)' as it is null.
    at loadConfig (D:\Steph data\HTML\djowyettnotif\node_modules\next\dist\server\config.js:641:41)
    at getConfig (C:\Users\kenn\AppData\Roaming\npm\node_modules\firebase-tools\lib\frameworks\next\index.js:390:28)
    at build (C:\Users\kenn\AppData\Roaming\npm\node_modules\firebase-tools\lib\frameworks\next\index.js:68:65)
    at process.processTicksAndRejections (node:internal/process/task_queues:95:5)
    at async prepareFrameworks (C:\Users\kenn\AppData\Roaming\npm\node_modules\firebase-tools\lib\frameworks\index.js:216:33)
    at async deploy (C:\Users\kenn\AppData\Roaming\npm\node_modules\firebase-tools\lib\deploy\index.js:55:13)
[error] 
[error] Error: An unexpected error has occurred.
